<?xml version="1.0" encoding="UTF-8"?>
<!-- Generated by org.testng.reporters.JUnitXMLReporter -->
<testsuite ignored="1" hostname="DESKTOP-AIN38LD" failures="0" tests="2" name="Test" time="6.067" errors="0" timestamp="2024-01-15T17:47:43 IST">
  <testcase classname="com.orange.hrm.test.LoginTest" name="loginToApplcnWithValidUsernamePassword" time="2.667"/>
  <testcase classname="com.orange.hrm.test.HomePageTest" name="logout" time="3.207"/>
  <testcase classname="com.orange.hrm.test.BaseTest" name="@BeforeSuite initDriver" time="0.0">
    <ignored/>
  </testcase> <!-- @BeforeSuite initDriver -->
</testsuite> <!-- Test -->
