<?xml version="1.0" encoding="UTF-8"?>
<testng-results ignored="1" total="3" passed="2" failed="0" skipped="0">
  <reporter-output>
  </reporter-output>
  <suite started-at="2024-01-15T17:47:37 IST" name="Suite" finished-at="2024-01-15T17:47:43 IST" duration-ms="6067">
    <groups>
    </groups>
    <test started-at="2024-01-15T17:47:37 IST" name="Test" finished-at="2024-01-15T17:47:43 IST" duration-ms="6067">
      <class name="com.orange.hrm.test.LoginTest">
        <test-method is-config="true" signature="initDriver()[pri:0, instance:com.orange.hrm.test.LoginTest@1a482e36]" started-at="2024-01-15T17:47:22 IST" name="initDriver" finished-at="2024-01-15T17:47:37 IST" duration-ms="15007" status="PASS">
          <reporter-output>
          </reporter-output>
        </test-method> <!-- initDriver -->
        <test-method signature="loginToApplcnWithValidUsernamePassword()[pri:0, instance:com.orange.hrm.test.LoginTest@1a482e36]" started-at="2024-01-15T17:47:37 IST" name="loginToApplcnWithValidUsernamePassword" finished-at="2024-01-15T17:47:40 IST" duration-ms="2667" status="PASS">
          <reporter-output>
          </reporter-output>
        </test-method> <!-- loginToApplcnWithValidUsernamePassword -->
      </class> <!-- com.orange.hrm.test.LoginTest -->
      <class name="com.orange.hrm.test.HomePageTest">
        <test-method signature="logout()[pri:0, instance:com.orange.hrm.test.HomePageTest@6cf0e0ba]" started-at="2024-01-15T17:47:40 IST" name="logout" finished-at="2024-01-15T17:47:43 IST" duration-ms="3207" status="PASS">
          <reporter-output>
          </reporter-output>
        </test-method> <!-- logout -->
      </class> <!-- com.orange.hrm.test.HomePageTest -->
    </test> <!-- Test -->
  </suite> <!-- Suite -->
</testng-results>
